<?xml version="1.0" encoding="UTF-8"?>
<!-- Generated by org.testng.reporters.JUnitXMLReporter -->
<testsuite ignored="0" hostname="Prateeksha-Kharal-MBP-2.local" failures="1" tests="1" name="Surefire test" time="15.386" errors="0" timestamp="09 Mar 2021 10:57:36 GMT">
  <testcase classname="io.cucumber.testng.AbstractTestNGCucumberTests" name="runScenario" time="15.177">
    <failure type="com.codeborne.selenide.ex.ElementNotFound" message="Element not found {by text: EBMS &amp;gt; A&amp;amp;K Railroad Materials, Inc. - 00716}
Expected: visible or transparent: visible or have css value opacity=0
Page source: file:/Users/prateeksha.kharal/IdeaProjects/SelenideCucumberDemo/build/reports/tests/1615287456414.0.html
Timeout: 4 s.
Caused by: NoSuchWindowException: no such window: target window already closed">
      <![CDATA[Element not found {by text: EBMS > A&K Railroad Materials, Inc. - 00716}
Expected: visible or transparent: visible or have css value opacity=0
Page source: file:/Users/prateeksha.kharal/IdeaProjects/SelenideCucumberDemo/build/reports/tests/1615287456414.0.html
Timeout: 4 s.
Caused by: NoSuchWindowException: no such window: target window already closed
at com.codeborne.selenide.impl.WebElementSource.createElementNotFoundError(WebElementSource.java:77)
at com.codeborne.selenide.impl.ElementFinder.createElementNotFoundError(ElementFinder.java:136)
at com.codeborne.selenide.impl.WebElementSource.checkCondition(WebElementSource.java:108)
at com.codeborne.selenide.impl.WebElementSource.findAndAssertElementIsInteractable(WebElementSource.java:133)
at com.codeborne.selenide.commands.Click.execute(Click.java:22)
at com.codeborne.selenide.commands.Click.execute(Click.java:15)
at com.codeborne.selenide.commands.Commands.execute(Commands.java:154)
at com.codeborne.selenide.impl.SelenideElementProxy.dispatchAndRetry(SelenideElementProxy.java:128)
at com.codeborne.selenide.impl.SelenideElementProxy.invoke(SelenideElementProxy.java:80)
at com.sun.proxy.$Proxy16.click(Unknown Source)
at StepDefination.steps_login.user_clicks_on_MembershipPage(steps_login.java:50)
at ✽.The user clicks on EBMS > A&K Railroad Materials, Inc. - 00716 tab(classpath:scenarios/login.feature:60)
Caused by: org.openqa.selenium.NoSuchWindowException: no such window: target window already closed
from unknown error: web view not found
  (Session info: chrome=88.0.4324.192)
Build info: version: '3.141.59', revision: 'e82be7d358', time: '2018-11-14T08:17:03'
System info: host: 'Prateeksha-Kharal-MBP-2.local', ip: 'fe80:0:0:0:188b:e52a:c37e:b818%en0', os.name: 'Mac OS X', os.arch: 'x86_64', os.version: '10.15.7', java.version: '15.0.1'
Driver info: org.openqa.selenium.chrome.ChromeDriver
Capabilities {acceptInsecureCerts: true, browserName: chrome, browserVersion: 88.0.4324.192, chrome: {chromedriverVersion: 88.0.4324.96 (68dba2d8a0b14..., userDataDir: /var/folders/1t/ylstj0kd351...}, goog:chromeOptions: {debuggerAddress: localhost:56715}, javascriptEnabled: true, networkConnectionEnabled: false, pageLoadStrategy: normal, platform: MAC, platformName: MAC, proxy: Proxy(), setWindowRect: true, strictFileInteractability: false, timeouts: {implicit: 0, pageLoad: 300000, script: 30000}, unhandledPromptBehavior: dismiss and notify, webauthn:extension:largeBlob: true, webauthn:virtualAuthenticators: true}
Session ID: 9381e0c77f7a304449592e9d021ff850
*** Element info: {Using=xpath, value=.//*/text()[normalize-space(translate(string(.), '

 ', '    ')) = "EBMS > A&K Railroad Materials, Inc. - 00716"]/parent::*}
at org.openqa.selenium.remote.http.W3CHttpResponseCodec.createException(W3CHttpResponseCodec.java:187)
at org.openqa.selenium.remote.http.W3CHttpResponseCodec.decode(W3CHttpResponseCodec.java:122)
at org.openqa.selenium.remote.http.W3CHttpResponseCodec.decode(W3CHttpResponseCodec.java:49)
at org.openqa.selenium.remote.HttpCommandExecutor.execute(HttpCommandExecutor.java:158)
at org.openqa.selenium.remote.service.DriverCommandExecutor.execute(DriverCommandExecutor.java:83)
at org.openqa.selenium.remote.RemoteWebDriver.execute(RemoteWebDriver.java:552)
at org.openqa.selenium.remote.RemoteWebDriver.findElement(RemoteWebDriver.java:323)
at org.openqa.selenium.remote.RemoteWebDriver.findElementByXPath(RemoteWebDriver.java:428)
at org.openqa.selenium.By$ByXPath.findElement(By.java:353)
at org.openqa.selenium.remote.RemoteWebDriver.findElement(RemoteWebDriver.java:315)
at com.codeborne.selenide.impl.WebElementSelector.findElement(WebElementSelector.java:59)
at com.codeborne.selenide.impl.WebElementSelector.findElement(WebElementSelector.java:34)
at com.codeborne.selenide.impl.ElementFinder.getWebElement(ElementFinder.java:104)
at com.codeborne.selenide.impl.WebElementSource.checkCondition(WebElementSource.java:93)
at com.codeborne.selenide.impl.WebElementSource.findAndAssertElementIsInteractable(WebElementSource.java:133)
at com.codeborne.selenide.commands.Click.execute(Click.java:22)
at com.codeborne.selenide.commands.Click.execute(Click.java:15)
at com.codeborne.selenide.commands.Commands.execute(Commands.java:154)
at com.codeborne.selenide.impl.SelenideElementProxy.dispatchAndRetry(SelenideElementProxy.java:128)
at com.codeborne.selenide.impl.SelenideElementProxy.invoke(SelenideElementProxy.java:80)
at com.sun.proxy.$Proxy16.click(Unknown Source)
at StepDefination.steps_login.user_clicks_on_MembershipPage(steps_login.java:50)
at cucumber.runtime.Utils$1.call(Utils.java:26)
at cucumber.runtime.Timeout.timeout(Timeout.java:16)
at cucumber.runtime.Utils.invoke(Utils.java:20)
at cucumber.runtime.java.JavaStepDefinition.execute(JavaStepDefinition.java:57)
at cucumber.runner.PickleStepDefinitionMatch.runStep(PickleStepDefinitionMatch.java:50)
at cucumber.runner.TestStep.executeStep(TestStep.java:65)
at cucumber.runner.TestStep.run(TestStep.java:50)
at cucumber.runner.PickleStepTestStep.run(PickleStepTestStep.java:43)
at cucumber.runner.TestCase.run(TestCase.java:46)
at cucumber.runner.Runner.runPickle(Runner.java:50)
at io.cucumber.testng.TestNGCucumberRunner.runScenario(TestNGCucumberRunner.java:69)
at io.cucumber.testng.AbstractTestNGCucumberTests.runScenario(AbstractTestNGCucumberTests.java:24)
at java.base/java.util.concurrent.FutureTask.run(FutureTask.java:264)
at java.base/java.util.concurrent.Executors$RunnableAdapter.call(Executors.java:515)
at java.base/java.util.concurrent.FutureTask.run(FutureTask.java:264)
at java.base/java.util.concurrent.ThreadPoolExecutor.runWorker(ThreadPoolExecutor.java:1130)
at java.base/java.util.concurrent.ThreadPoolExecutor$Worker.run(ThreadPoolExecutor.java:630)
at java.base/java.lang.Thread.run(Thread.java:832)
... Removed 17 stack frames]]>
    </failure>
  </testcase> <!-- runScenario -->
</testsuite> <!-- Surefire test -->
