<?xml version="1.0" encoding="UTF-8"?>
<!-- Generated by org.testng.reporters.JUnitReportReporter -->
<testsuite hostname="Prateeksha-Kharal-MBP-2.local" failures="1" tests="2" name="CucumberRunner" time="12.778" errors="1" timestamp="25 Mar 2021 08:48:32 GMT" skipped="0">
  <testcase classname="CucumberRunner" name="runScenario" time="0.018">
    <failure message="expecting:&lt;&#039;https://mibenefits-qua.ebms.com/administrator/dashboard&#039;&gt; to contain:&lt;&#039;https://mibenefits-qua.ebms.com/administrator/membership&#039;&gt; (ignoring case)" type="java.lang.AssertionError">
      <![CDATA[java.lang.AssertionError: expecting:<'https://mibenefits-qua.ebms.com/administrator/dashboard'> to contain:<'https://mibenefits-qua.ebms.com/administrator/membership'> (ignoring case)
at PageObjects.membershipPage.isLoaded(membershipPage.java:41)
at PageObjects.BasePage.get(BasePage.java:28)
at StepDefination.steps_membershipPage.the_user_is_on_dashboard_page(steps_membershipPage.java:14)
at ✽.The user is on EBMS MemberShip Page(classpath:scenarios/MembershipPage.feature:6)
]]>
    </failure>
  </testcase> <!-- runScenario -->
  <testcase classname="CucumberRunner" name="runScenario" time="12.760">
    <error message="Either the specified parameters do not match any of the following constructors: [private StepDefination.admin.AdminDashboardStepDef()]; OR the constructors were not accessible for &#039;StepDefination.admin.AdminDashboardStepDef&#039;" type="org.picocontainer.PicoCompositionException">
      <![CDATA[org.picocontainer.PicoCompositionException: Either the specified parameters do not match any of the following constructors: [private StepDefination.admin.AdminDashboardStepDef()]; OR the constructors were not accessible for 'StepDefination.admin.AdminDashboardStepDef'
at org.picocontainer.injectors.ConstructorInjector.getGreediestSatisfiableConstructor(ConstructorInjector.java:200)
at org.picocontainer.injectors.ConstructorInjector.getGreediestSatisfiableConstructor(ConstructorInjector.java:110)
at org.picocontainer.injectors.ConstructorInjector.access$100(ConstructorInjector.java:51)
at org.picocontainer.injectors.ConstructorInjector$1.run(ConstructorInjector.java:331)
at org.picocontainer.injectors.AbstractInjector$ThreadLocalCyclicDependencyGuard.observe(AbstractInjector.java:270)
at org.picocontainer.injectors.ConstructorInjector.getComponentInstance(ConstructorInjector.java:364)
at org.picocontainer.injectors.AbstractInjectionFactory$LifecycleAdapter.getComponentInstance(AbstractInjectionFactory.java:56)
at org.picocontainer.behaviors.AbstractBehavior.getComponentInstance(AbstractBehavior.java:64)
at org.picocontainer.behaviors.Stored.getComponentInstance(Stored.java:91)
at org.picocontainer.DefaultPicoContainer.getInstance(DefaultPicoContainer.java:699)
at org.picocontainer.DefaultPicoContainer.getComponent(DefaultPicoContainer.java:647)
at org.picocontainer.DefaultPicoContainer.getComponent(DefaultPicoContainer.java:678)
at io.cucumber.picocontainer.PicoFactory.getInstance(PicoFactory.java:42)
at cucumber.runtime.java.ObjectFactoryLoader$ObjectFactoryAdapter.getInstance(ObjectFactoryLoader.java:157)
at cucumber.runtime.java.JavaStepDefinition.execute(JavaStepDefinition.java:57)
at cucumber.runner.PickleStepDefinitionMatch.runStep(PickleStepDefinitionMatch.java:50)
at cucumber.runner.TestStep.executeStep(TestStep.java:65)
at cucumber.runner.TestStep.run(TestStep.java:50)
at cucumber.runner.PickleStepTestStep.run(PickleStepTestStep.java:43)
at cucumber.runner.TestCase.run(TestCase.java:46)
at cucumber.runner.Runner.runPickle(Runner.java:50)
at io.cucumber.testng.TestNGCucumberRunner.runScenario(TestNGCucumberRunner.java:69)
at io.cucumber.testng.AbstractTestNGCucumberTests.runScenario(AbstractTestNGCucumberTests.java:24)
at java.base/jdk.internal.reflect.NativeMethodAccessorImpl.invoke0(Native Method)
at java.base/jdk.internal.reflect.NativeMethodAccessorImpl.invoke(NativeMethodAccessorImpl.java:64)
at java.base/jdk.internal.reflect.DelegatingMethodAccessorImpl.invoke(DelegatingMethodAccessorImpl.java:43)
at java.base/java.lang.reflect.Method.invoke(Method.java:564)
at org.testng.internal.MethodInvocationHelper.invokeMethod(MethodInvocationHelper.java:124)
at org.testng.internal.Invoker.invokeMethod(Invoker.java:580)
at org.testng.internal.Invoker.invokeTestMethod(Invoker.java:716)
at org.testng.internal.TestMethodWithDataProviderMethodWorker.call(TestMethodWithDataProviderMethodWorker.java:71)
at org.testng.internal.TestMethodWithDataProviderMethodWorker.call(TestMethodWithDataProviderMethodWorker.java:14)
at java.base/java.util.concurrent.FutureTask.run(FutureTask.java:264)
at java.base/java.util.concurrent.Executors$RunnableAdapter.call(Executors.java:515)
at java.base/java.util.concurrent.FutureTask.run(FutureTask.java:264)
at java.base/java.util.concurrent.ThreadPoolExecutor.runWorker(ThreadPoolExecutor.java:1130)
at java.base/java.util.concurrent.ThreadPoolExecutor$Worker.run(ThreadPoolExecutor.java:630)
at java.base/java.lang.Thread.run(Thread.java:832)
at ✽.Check quick links on dashboard page(classpath:scenarios/Dashboard.feature:15)
]]>
    </error>
  </testcase> <!-- runScenario -->
</testsuite> <!-- CucumberRunner -->
